%CPU %MEM ARGS Fr 9. Jul 10:35:47 CEST 2021
 0.1  0.0 [kworker/0:10-events_power_efficient]
 0.2  0.8 lxpanel
 0.2  1.3 lxterminal
 0.2  0.0 [kworker/u8:2-cfg80211]
 0.4  0.1 /usr/bin/vncagent
 0.4  0.1 /usr/lib/gvfs/gvfsd-metadata
 1.3  2.1 /usr/bin/dockerd
 2.0  0.5 /usr/bin/vncserver-x11-core
 2.5  0.8 pcmanfm
 3.1  1.7 /usr/lib/xorg/Xorg
%CPU %MEM ARGS Fr 9. Jul 10:35:48 CEST 2021
 0.1  0.0 [kworker/0:10-events]
 0.2  0.8 lxpanel
 0.2  1.3 lxterminal
 0.2  0.0 [kworker/u8:2-cfg80211]
 0.4  0.1 /usr/bin/vncagent
 0.4  0.1 /usr/lib/gvfs/gvfsd-metadata
 1.3  2.1 /usr/bin/dockerd
 2.0  0.5 /usr/bin/vncserver-x11-core
 2.5  0.8 pcmanfm
 3.1  1.7 /usr/lib/xorg/Xorg
%CPU %MEM ARGS Fr 9. Jul 10:35:49 CEST 2021
 0.1  0.0 [kworker/0:10-events]
 0.2  0.8 lxpanel
 0.2  1.3 lxterminal
 0.2  0.0 [kworker/u8:2-cfg80211]
 0.4  0.1 /usr/bin/vncagent
 0.4  0.1 /usr/lib/gvfs/gvfsd-metadata
 1.3  2.1 /usr/bin/dockerd
 2.0  0.5 /usr/bin/vncserver-x11-core
 2.5  0.8 pcmanfm
 3.1  1.7 /usr/lib/xorg/Xorg
%CPU %MEM ARGS Fr 9. Jul 10:35:51 CEST 2021
 0.1  0.0 [kworker/0:10-events]
 0.2  0.8 lxpanel
 0.2  1.3 lxterminal
 0.2  0.0 [kworker/u8:2-cfg80211]
 0.4  0.1 /usr/bin/vncagent
 0.4  0.1 /usr/lib/gvfs/gvfsd-metadata
 1.3  2.1 /usr/bin/dockerd
 2.0  0.5 /usr/bin/vncserver-x11-core
 2.5  0.8 pcmanfm
 3.1  1.7 /usr/lib/xorg/Xorg
%CPU %MEM ARGS Fr 9. Jul 10:35:52 CEST 2021
 0.1  0.0 [kworker/0:10-events]
 0.2  0.8 lxpanel
 0.2  1.3 lxterminal
 0.2  0.0 [kworker/u8:2-cfg80211]
 0.4  0.1 /usr/bin/vncagent
 0.4  0.1 /usr/lib/gvfs/gvfsd-metadata
 1.3  2.1 /usr/bin/dockerd
 2.0  0.5 /usr/bin/vncserver-x11-core
 2.5  0.8 pcmanfm
 3.1  1.7 /usr/lib/xorg/Xorg
%CPU %MEM ARGS Fr 9. Jul 10:35:53 CEST 2021
 0.1  0.0 [kworker/0:10-events]
 0.2  0.8 lxpanel
 0.2  1.3 lxterminal
 0.2  0.0 [kworker/u8:2-cfg80211]
 0.4  0.1 /usr/bin/vncagent
 0.4  0.1 /usr/lib/gvfs/gvfsd-metadata
 1.3  2.1 /usr/bin/dockerd
 2.0  0.5 /usr/bin/vncserver-x11-core
 2.5  0.8 pcmanfm
 3.1  1.7 /usr/lib/xorg/Xorg
%CPU %MEM ARGS Fr 9. Jul 10:35:54 CEST 2021
 0.1  0.0 [kworker/0:10-events]
 0.2  0.8 lxpanel
 0.2  1.3 lxterminal
 0.2  0.0 [kworker/u8:2-cfg80211]
 0.4  0.1 /usr/bin/vncagent
 0.4  0.1 /usr/lib/gvfs/gvfsd-metadata
 1.3  2.1 /usr/bin/dockerd
 2.0  0.5 /usr/bin/vncserver-x11-core
 2.5  0.8 pcmanfm
 3.1  1.7 /usr/lib/xorg/Xorg
%CPU %MEM ARGS Fr 9. Jul 10:35:55 CEST 2021
 0.1  0.0 [kworker/0:10-events]
 0.2  0.8 lxpanel
 0.2  1.3 lxterminal
 0.2  0.0 [kworker/u8:2-cfg80211]
 0.4  0.1 /usr/bin/vncagent
 0.4  0.1 /usr/lib/gvfs/gvfsd-metadata
 1.3  2.1 /usr/bin/dockerd
 2.0  0.5 /usr/bin/vncserver-x11-core
 2.5  0.8 pcmanfm
 3.1  1.7 /usr/lib/xorg/Xorg
%CPU %MEM ARGS Fr 9. Jul 10:35:56 CEST 2021
 0.2  1.3 lxterminal
 0.2  0.0 [kworker/u8:2-ext4-rsv-conversion]
 0.4  0.1 /usr/bin/vncagent
 0.4  0.1 /usr/lib/gvfs/gvfsd-metadata
 1.3  2.1 /usr/bin/dockerd
 2.0  0.5 /usr/bin/vncserver-x11-core
 2.5  0.8 pcmanfm
 3.1  1.7 /usr/lib/xorg/Xorg
50.0  1.4 docker-untar /
60.0  0.2 xz -d
%CPU %MEM ARGS Fr 9. Jul 10:35:57 CEST 2021
 0.2  1.3 lxterminal
 0.2  0.0 [kworker/u8:2-ext4-rsv-conversion]
 0.4  0.1 /usr/bin/vncagent
 0.4  0.1 /usr/lib/gvfs/gvfsd-metadata
 1.4  2.1 /usr/bin/dockerd
 2.0  0.5 /usr/bin/vncserver-x11-core
 2.5  0.8 pcmanfm
 3.1  1.7 /usr/lib/xorg/Xorg
36.5  1.4 docker-untar /
77.0  0.6 xz -d
%CPU %MEM ARGS Fr 9. Jul 10:35:58 CEST 2021
 0.2  1.3 lxterminal
 0.2  0.0 [kworker/u8:2-brcmf_wq/mmc1:0001:1]
 0.4  0.1 /usr/bin/vncagent
 0.4  0.1 /usr/lib/gvfs/gvfsd-metadata
 1.4  2.1 /usr/bin/dockerd
 2.0  0.5 /usr/bin/vncserver-x11-core
 2.5  0.8 pcmanfm
 3.1  1.7 /usr/lib/xorg/Xorg
33.0  1.4 docker-untar /
84.0  1.1 xz -d
%CPU %MEM ARGS Fr 9. Jul 10:35:59 CEST 2021
 0.1  0.0 [kworker/0:1-cgroup_destroy]
 0.2  0.8 lxpanel
 0.2  1.3 lxterminal
 0.2  0.0 [kworker/u8:2+ext4-rsv-conversion]
 0.4  0.1 /usr/bin/vncagent
 0.4  0.1 /usr/lib/gvfs/gvfsd-metadata
 1.4  2.1 /usr/bin/dockerd
 2.0  0.5 /usr/bin/vncserver-x11-core
 2.5  0.8 pcmanfm
 3.1  1.7 /usr/lib/xorg/Xorg
%CPU %MEM ARGS Fr 9. Jul 10:36:01 CEST 2021
 0.1  0.0 [kworker/0:1-cgroup_destroy]
 0.2  0.8 lxpanel
 0.2  1.3 lxterminal
 0.2  0.0 [kworker/u8:2-events_unbound]
 0.4  0.1 /usr/bin/vncagent
 0.4  0.1 /usr/lib/gvfs/gvfsd-metadata
 1.4  2.1 /usr/bin/dockerd
 2.0  0.5 /usr/bin/vncserver-x11-core
 2.5  0.8 pcmanfm
 3.1  1.7 /usr/lib/xorg/Xorg
%CPU %MEM ARGS Fr 9. Jul 10:36:02 CEST 2021
 0.4  0.1 /usr/bin/vncagent
 0.4  0.1 /usr/lib/gvfs/gvfsd-metadata
 1.0  0.0 /lib/systemd/systemd-udevd
 1.0  0.0 /lib/systemd/systemd-udevd
 1.0  0.1 /usr/bin/containerd-shim-runc-v2
 1.4  2.1 /usr/bin/dockerd
 2.0  0.5 /usr/bin/vncserver-x11-core
 2.5  0.8 pcmanfm
 3.1  1.7 /usr/lib/xorg/Xorg
 4.0  0.3 runc
%CPU %MEM ARGS Fr 9. Jul 10:36:03 CEST 2021
 0.2  1.3 lxterminal
 0.2  0.0 [kworker/u8:2-ext4-rsv-conversion]
 0.4  0.1 /usr/bin/vncagent
 0.4  0.1 /usr/lib/gvfs/gvfsd-metadata
 0.6  0.0 /lib/systemd/systemd-udevd
 1.3  0.0 /lib/systemd/systemd-udevd
 1.4  2.1 /usr/bin/dockerd
 2.0  0.5 /usr/bin/vncserver-x11-core
 2.5  0.8 pcmanfm
 3.1  1.7 /usr/lib/xorg/Xorg
%CPU %MEM ARGS Fr 9. Jul 10:36:04 CEST 2021
 0.2  1.3 lxterminal
 0.2  0.0 [kworker/u8:2-brcmf_wq/mmc1:0001:1]
 0.4  0.1 /usr/bin/vncagent
 0.4  0.1 /usr/lib/gvfs/gvfsd-metadata
 0.5  0.0 /lib/systemd/systemd-udevd
 1.0  0.0 /lib/systemd/systemd-udevd
 1.4  2.1 /usr/bin/dockerd
 2.0  0.5 /usr/bin/vncserver-x11-core
 2.5  0.8 pcmanfm
 3.1  1.7 /usr/lib/xorg/Xorg
%CPU %MEM ARGS Fr 9. Jul 10:36:05 CEST 2021
 0.2  1.3 lxterminal
 0.2  0.0 [kworker/u8:2-brcmf_wq/mmc1:0001:1]
 0.4  0.1 /usr/bin/vncagent
 0.4  0.1 /usr/lib/gvfs/gvfsd-metadata
 0.4  0.0 /lib/systemd/systemd-udevd
 0.8  0.0 /lib/systemd/systemd-udevd
 1.4  2.1 /usr/bin/dockerd
 2.0  0.5 /usr/bin/vncserver-x11-core
 2.5  0.8 pcmanfm
 3.1  1.7 /usr/lib/xorg/Xorg
%CPU %MEM ARGS Fr 9. Jul 10:36:07 CEST 2021
 0.4  0.1 /usr/bin/vncagent
 0.4  0.1 /usr/lib/gvfs/gvfsd-metadata
 0.6  0.0 /lib/systemd/systemd-udevd
 0.8  0.0 /lib/systemd/systemd-udevd
 1.4  2.1 /usr/bin/dockerd
 2.0  0.5 /usr/bin/vncserver-x11-core
 2.5  0.8 pcmanfm
 3.0  0.1 /usr/bin/containerd-shim-runc-v2
 3.1  1.7 /usr/lib/xorg/Xorg
 5.0  0.0 /bin/sh
%CPU %MEM ARGS Fr 9. Jul 10:36:08 CEST 2021
 1.4  2.1 /usr/bin/dockerd
 1.5  0.1 /usr/bin/containerd-shim-runc-v2
 2.0  0.5 /usr/bin/vncserver-x11-core
 2.0  0.3 runc
 2.5  0.8 pcmanfm
 2.5  0.0 /bin/sh
 3.1  1.7 /usr/lib/xorg/Xorg
 5.0  0.3 runc
22.0  1.4 libnetwork-setkey -exec-root=/var/run/docker
 108  0.0 openssl
%CPU %MEM ARGS Fr 9. Jul 10:36:09 CEST 2021
 1.0  0.0 /lib/systemd/systemd-udevd
 1.0  0.1 /usr/bin/containerd-shim-runc-v2
 1.0  0.1 /usr/bin/containerd-shim-runc-v2
 1.4  2.1 /usr/bin/dockerd
 1.5  0.0 /usr/bin/dumb-init
 1.6  0.0 /bin/sh
 2.0  0.5 /usr/bin/vncserver-x11-core
 2.5  0.8 pcmanfm
 3.1  1.7 /usr/lib/xorg/Xorg
 4.0  0.4 gitlab-runner-helper
%CPU %MEM ARGS Fr 9. Jul 10:36:10 CEST 2021
 0.8  0.0 /lib/systemd/systemd-udevd
 1.0  0.1 /usr/bin/containerd-shim-runc-v2
 1.0  0.0 /usr/bin/dumb-init
 1.2  0.0 /bin/sh
 1.4  2.1 /usr/bin/dockerd
 2.0  0.5 /usr/bin/vncserver-x11-core
 2.0  0.4 gitlab-runner-helper
 2.5  0.8 pcmanfm
 3.1  1.7 /usr/lib/xorg/Xorg
 142  0.0 openssl
%CPU %MEM ARGS Fr 9. Jul 10:36:11 CEST 2021
 0.7  0.0 /usr/bin/dumb-init
 0.8  0.0 /lib/systemd/systemd-udevd
 0.8  0.1 /usr/bin/containerd-shim-runc-v2
 1.0  0.0 /bin/sh
 1.3  0.4 gitlab-runner-helper
 1.4  2.1 /usr/bin/dockerd
 2.0  0.5 /usr/bin/vncserver-x11-core
 2.5  0.8 pcmanfm
 3.1  1.7 /usr/lib/xorg/Xorg
 122  0.0 openssl
%CPU %MEM ARGS Fr 9. Jul 10:36:12 CEST 2021
 0.4  0.1 /usr/bin/containerd-shim-runc-v2
 0.6  0.1 /usr/bin/containerd-shim-runc-v2
 0.6  0.0 /usr/bin/dumb-init
 0.8  0.0 /bin/sh
 1.0  0.4 gitlab-runner-helper
 1.4  2.1 /usr/bin/dockerd
 2.0  0.5 /usr/bin/vncserver-x11-core
 2.5  0.8 pcmanfm
 3.1  1.7 /usr/lib/xorg/Xorg
 116  0.0 openssl
%CPU %MEM ARGS Fr 9. Jul 10:36:13 CEST 2021
 0.4  0.1 /usr/bin/vncagent
 0.4  0.1 /usr/lib/gvfs/gvfsd-metadata
 0.5  0.1 /usr/bin/containerd-shim-runc-v2
 0.5  0.0 /usr/bin/dumb-init
 0.8  0.4 gitlab-runner-helper
 1.0  0.0 /bin/sh
 1.4  2.1 /usr/bin/dockerd
 2.0  0.5 /usr/bin/vncserver-x11-core
 2.5  0.8 pcmanfm
 3.1  1.7 /usr/lib/xorg/Xorg
%CPU %MEM ARGS Fr 9. Jul 10:36:14 CEST 2021
 0.4  0.1 /usr/lib/gvfs/gvfsd-metadata
 0.4  0.0 /usr/bin/dumb-init
 0.5  0.1 /usr/bin/containerd-shim-runc-v2
 0.6  0.4 gitlab-runner-helper
 0.8  0.0 /bin/sh
 1.4  2.1 /usr/bin/dockerd
 2.0  0.5 /usr/bin/vncserver-x11-core
 2.5  0.8 pcmanfm
 3.1  1.7 /usr/lib/xorg/Xorg
 152  0.0 openssl
%CPU %MEM ARGS Fr 9. Jul 10:36:15 CEST 2021
 0.4  0.1 /usr/bin/vncagent
 0.4  0.1 /usr/lib/gvfs/gvfsd-metadata
 0.5  0.1 /usr/bin/containerd-shim-runc-v2
 0.5  0.4 gitlab-runner-helper
 0.7  0.0 /bin/sh
 1.4  2.1 /usr/bin/dockerd
 2.0  0.5 /usr/bin/vncserver-x11-core
 2.5  0.8 pcmanfm
 3.1  1.7 /usr/lib/xorg/Xorg
 127  0.0 openssl
%CPU %MEM ARGS Fr 9. Jul 10:36:16 CEST 2021
 0.4  0.1 /usr/bin/vncagent
 0.4  0.1 /usr/lib/gvfs/gvfsd-metadata
 0.5  0.1 /usr/bin/containerd-shim-runc-v2
 0.5  0.4 gitlab-runner-helper
 0.7  0.0 /bin/sh
 1.4  2.1 /usr/bin/dockerd
 2.0  0.5 /usr/bin/vncserver-x11-core
 2.5  0.8 pcmanfm
 3.1  1.7 /usr/lib/xorg/Xorg
 119  0.0 openssl
%CPU %MEM ARGS Fr 9. Jul 10:36:17 CEST 2021
 0.3  0.0 /usr/bin/dumb-init
 0.4  0.1 /usr/bin/vncagent
 0.4  0.1 /usr/lib/gvfs/gvfsd-metadata
 0.4  0.1 /usr/bin/containerd-shim-runc-v2
 0.4  0.4 gitlab-runner-helper
 0.6  0.0 /bin/sh
 1.4  2.1 /usr/bin/dockerd
 2.0  0.5 /usr/bin/vncserver-x11-core
 2.5  0.8 pcmanfm
 3.1  1.7 /usr/lib/xorg/Xorg
%CPU %MEM ARGS Fr 9. Jul 10:36:18 CEST 2021
 0.2  0.0 [kworker/u8:2-ext4-rsv-conversion]
 0.2  0.0 /usr/bin/dumb-init
 0.4  0.1 /usr/bin/vncagent
 0.4  0.1 /usr/lib/gvfs/gvfsd-metadata
 0.4  0.4 gitlab-runner-helper
 1.0  0.0 /lib/systemd/systemd-udevd
 1.4  2.1 /usr/bin/dockerd
 2.0  0.5 /usr/bin/vncserver-x11-core
 2.5  0.8 pcmanfm
 3.1  1.7 /usr/lib/xorg/Xorg
%CPU %MEM ARGS Fr 9. Jul 10:36:19 CEST 2021
 0.2  0.0 [kworker/u8:2-ext4-rsv-conversion]
 0.2  0.0 /usr/bin/dumb-init
 0.3  0.4 gitlab-runner-helper
 0.4  0.1 /usr/bin/vncagent
 0.4  0.1 /usr/lib/gvfs/gvfsd-metadata
 0.5  0.0 /lib/systemd/systemd-udevd
 1.4  2.1 /usr/bin/dockerd
 2.0  0.5 /usr/bin/vncserver-x11-core
 2.5  0.8 pcmanfm
 3.1  1.7 /usr/lib/xorg/Xorg
%CPU %MEM ARGS Fr 9. Jul 10:36:20 CEST 2021
 0.2  0.0 /usr/bin/dumb-init
 0.2  0.0 /lib/systemd/systemd-udevd
 0.3  0.4 gitlab-runner-helper
 0.4  0.1 /usr/bin/vncagent
 0.4  0.1 /usr/lib/gvfs/gvfsd-metadata
 1.4  2.1 /usr/bin/dockerd
 2.0  0.5 /usr/bin/vncserver-x11-core
 2.5  0.8 pcmanfm
 3.1  1.7 /usr/lib/xorg/Xorg
 6.0  0.0 ps
%CPU %MEM ARGS Fr 9. Jul 10:36:21 CEST 2021
 0.2  1.3 lxterminal
 0.2  0.0 [kworker/u8:2-ext4-rsv-conversion]
 0.2  0.0 /usr/bin/dumb-init
 0.2  0.4 gitlab-runner-helper
 0.4  0.1 /usr/bin/vncagent
 0.4  0.1 /usr/lib/gvfs/gvfsd-metadata
 1.4  2.1 /usr/bin/dockerd
 2.0  0.5 /usr/bin/vncserver-x11-core
 2.5  0.8 pcmanfm
 3.1  1.7 /usr/lib/xorg/Xorg
%CPU %MEM ARGS Fr 9. Jul 10:36:22 CEST 2021
 0.2  0.8 lxpanel
 0.2  1.3 lxterminal
 0.2  0.0 [kworker/u8:2-ext4-rsv-conversion]
 0.2  0.4 gitlab-runner-helper
 0.4  0.1 /usr/bin/vncagent
 0.4  0.1 /usr/lib/gvfs/gvfsd-metadata
 1.4  2.1 /usr/bin/dockerd
 2.0  0.5 /usr/bin/vncserver-x11-core
 2.5  0.8 pcmanfm
 3.1  1.7 /usr/lib/xorg/Xorg
%CPU %MEM ARGS Fr 9. Jul 10:36:24 CEST 2021
 0.2  0.8 lxpanel
 0.2  1.3 lxterminal
 0.2  0.0 [kworker/u8:2-ext4-rsv-conversion]
 0.3  0.4 gitlab-runner-helper
 0.4  0.1 /usr/bin/vncagent
 0.4  0.1 /usr/lib/gvfs/gvfsd-metadata
 1.4  2.1 /usr/bin/dockerd
 2.0  0.5 /usr/bin/vncserver-x11-core
 2.5  0.8 pcmanfm
 3.1  1.7 /usr/lib/xorg/Xorg
%CPU %MEM ARGS Fr 9. Jul 10:36:25 CEST 2021
 0.2  0.8 lxpanel
 0.2  1.3 lxterminal
 0.2  0.0 [kworker/u8:2-ext4-rsv-conversion]
 0.2  0.4 gitlab-runner-helper
 0.4  0.1 /usr/bin/vncagent
 0.4  0.1 /usr/lib/gvfs/gvfsd-metadata
 1.4  2.1 /usr/bin/dockerd
 2.0  0.5 /usr/bin/vncserver-x11-core
 2.5  0.8 pcmanfm
 3.1  1.7 /usr/lib/xorg/Xorg
%CPU %MEM ARGS Fr 9. Jul 10:36:26 CEST 2021
 0.2  0.8 lxpanel
 0.2  1.3 lxterminal
 0.2  0.0 [kworker/u8:2-ext4-rsv-conversion]
 0.2  0.4 gitlab-runner-helper
 0.4  0.1 /usr/bin/vncagent
 0.4  0.1 /usr/lib/gvfs/gvfsd-metadata
 1.4  2.1 /usr/bin/dockerd
 2.0  0.5 /usr/bin/vncserver-x11-core
 2.5  0.8 pcmanfm
 3.1  1.7 /usr/lib/xorg/Xorg
%CPU %MEM ARGS Fr 9. Jul 10:36:27 CEST 2021
 0.2  0.8 lxpanel
 0.2  1.3 lxterminal
 0.2  0.0 [kworker/u8:2-ext4-rsv-conversion]
 0.2  0.4 gitlab-runner-helper
 0.4  0.1 /usr/bin/vncagent
 0.4  0.1 /usr/lib/gvfs/gvfsd-metadata
 1.4  2.1 /usr/bin/dockerd
 2.0  0.5 /usr/bin/vncserver-x11-core
 2.5  0.8 pcmanfm
 3.1  1.7 /usr/lib/xorg/Xorg
%CPU %MEM ARGS Fr 9. Jul 10:36:28 CEST 2021
 0.2  0.8 lxpanel
 0.2  1.3 lxterminal
 0.2  0.0 [kworker/u8:2-ext4-rsv-conversion]
 0.2  0.4 gitlab-runner-helper
 0.4  0.1 /usr/bin/vncagent
 0.4  0.1 /usr/lib/gvfs/gvfsd-metadata
 1.4  2.1 /usr/bin/dockerd
 2.0  0.5 /usr/bin/vncserver-x11-core
 2.5  0.8 pcmanfm
 3.1  1.7 /usr/lib/xorg/Xorg
%CPU %MEM ARGS Fr 9. Jul 10:36:29 CEST 2021
 0.2  0.8 lxpanel
 0.2  1.3 lxterminal
 0.2  0.0 [kworker/u8:2-ext4-rsv-conversion]
 0.2  0.4 gitlab-runner-helper
 0.4  0.1 /usr/bin/vncagent
 0.4  0.1 /usr/lib/gvfs/gvfsd-metadata
 1.4  2.1 /usr/bin/dockerd
 2.0  0.5 /usr/bin/vncserver-x11-core
 2.5  0.8 pcmanfm
 3.1  1.7 /usr/lib/xorg/Xorg
%CPU %MEM ARGS Fr 9. Jul 10:36:30 CEST 2021
 0.2  0.8 lxpanel
 0.2  1.3 lxterminal
 0.2  0.0 [kworker/u8:2-ext4-rsv-conversion]
 0.2  0.4 gitlab-runner-helper
 0.4  0.1 /usr/bin/vncagent
 0.4  0.1 /usr/lib/gvfs/gvfsd-metadata
 1.4  2.1 /usr/bin/dockerd
 2.0  0.5 /usr/bin/vncserver-x11-core
 2.5  0.8 pcmanfm
 3.1  1.7 /usr/lib/xorg/Xorg
%CPU %MEM ARGS Fr 9. Jul 10:36:31 CEST 2021
 0.2  0.8 lxpanel
 0.2  1.3 lxterminal
 0.2  0.0 [kworker/u8:2-ext4-rsv-conversion]
 0.2  0.4 gitlab-runner-helper
 0.4  0.1 /usr/bin/vncagent
 0.4  0.1 /usr/lib/gvfs/gvfsd-metadata
 1.4  2.1 /usr/bin/dockerd
 2.0  0.5 /usr/bin/vncserver-x11-core
 2.5  0.8 pcmanfm
 3.1  1.7 /usr/lib/xorg/Xorg
%CPU %MEM ARGS Fr 9. Jul 10:36:32 CEST 2021
 0.2  0.8 lxpanel
 0.2  1.3 lxterminal
 0.2  0.0 [kworker/u8:2-ext4-rsv-conversion]
 0.2  0.4 gitlab-runner-helper
 0.4  0.1 /usr/bin/vncagent
 0.4  0.1 /usr/lib/gvfs/gvfsd-metadata
 1.4  2.1 /usr/bin/dockerd
 2.0  0.5 /usr/bin/vncserver-x11-core
 2.5  0.8 pcmanfm
 3.1  1.7 /usr/lib/xorg/Xorg
%CPU %MEM ARGS Fr 9. Jul 10:36:33 CEST 2021
 0.1  0.4 gitlab-runner-helper
 0.2  0.8 lxpanel
 0.2  1.3 lxterminal
 0.2  0.0 [kworker/u8:2-ext4-rsv-conversion]
 0.4  0.1 /usr/bin/vncagent
 0.4  0.1 /usr/lib/gvfs/gvfsd-metadata
 1.4  2.1 /usr/bin/dockerd
 2.0  0.5 /usr/bin/vncserver-x11-core
 2.5  0.8 pcmanfm
 3.1  1.7 /usr/lib/xorg/Xorg
%CPU %MEM ARGS Fr 9. Jul 10:36:34 CEST 2021
 0.1  0.4 gitlab-runner-helper
 0.2  0.8 lxpanel
 0.2  1.3 lxterminal
 0.2  0.0 [kworker/u8:2-ext4-rsv-conversion]
 0.4  0.1 /usr/bin/vncagent
 0.4  0.1 /usr/lib/gvfs/gvfsd-metadata
 1.4  2.1 /usr/bin/dockerd
 2.0  0.5 /usr/bin/vncserver-x11-core
 2.5  0.8 pcmanfm
 3.1  1.7 /usr/lib/xorg/Xorg
%CPU %MEM ARGS Fr 9. Jul 10:36:36 CEST 2021
 0.1  0.4 gitlab-runner-helper
 0.2  0.8 lxpanel
 0.2  1.3 lxterminal
 0.2  0.0 [kworker/u8:2-ext4-rsv-conversion]
 0.4  0.1 /usr/bin/vncagent
 0.4  0.1 /usr/lib/gvfs/gvfsd-metadata
 1.4  2.1 /usr/bin/dockerd
 2.0  0.5 /usr/bin/vncserver-x11-core
 2.5  0.8 pcmanfm
 3.1  1.7 /usr/lib/xorg/Xorg
%CPU %MEM ARGS Fr 9. Jul 10:36:37 CEST 2021
 0.1  0.4 gitlab-runner-helper
 0.2  0.8 lxpanel
 0.2  1.3 lxterminal
 0.2  0.0 [kworker/u8:2-ext4-rsv-conversion]
 0.4  0.1 /usr/bin/vncagent
 0.4  0.1 /usr/lib/gvfs/gvfsd-metadata
 1.4  2.1 /usr/bin/dockerd
 2.0  0.5 /usr/bin/vncserver-x11-core
 2.5  0.8 pcmanfm
 3.1  1.7 /usr/lib/xorg/Xorg
%CPU %MEM ARGS Fr 9. Jul 10:36:38 CEST 2021
 0.1  0.4 gitlab-runner-helper
 0.2  0.8 lxpanel
 0.2  1.3 lxterminal
 0.2  0.0 [kworker/u8:2-ext4-rsv-conversion]
 0.4  0.1 /usr/bin/vncagent
 0.4  0.1 /usr/lib/gvfs/gvfsd-metadata
 1.4  2.1 /usr/bin/dockerd
 2.0  0.5 /usr/bin/vncserver-x11-core
 2.5  0.8 pcmanfm
 3.1  1.7 /usr/lib/xorg/Xorg
%CPU %MEM ARGS Fr 9. Jul 10:36:39 CEST 2021
 0.1  0.0 [kworker/0:10+events]
 0.2  0.8 lxpanel
 0.2  1.3 lxterminal
 0.2  0.0 [kworker/u8:2-ext4-rsv-conversion]
 0.4  0.1 /usr/bin/vncagent
 0.4  0.1 /usr/lib/gvfs/gvfsd-metadata
 1.4  2.1 /usr/bin/dockerd
 2.0  0.5 /usr/bin/vncserver-x11-core
 2.4  0.8 pcmanfm
 3.1  1.7 /usr/lib/xorg/Xorg
%CPU %MEM ARGS Fr 9. Jul 10:36:40 CEST 2021
 0.2  0.0 [kworker/u8:2-cfg80211]
 0.4  0.1 /usr/bin/vncagent
 0.4  0.1 /usr/lib/gvfs/gvfsd-metadata
 1.0  0.0 /lib/systemd/systemd-udevd
 1.0  0.0 /lib/systemd/systemd-udevd
 1.4  2.1 /usr/bin/dockerd
 2.0  0.5 /usr/bin/vncserver-x11-core
 2.0  0.0 /lib/systemd/systemd-udevd
 2.4  0.8 pcmanfm
 3.1  1.7 /usr/lib/xorg/Xorg
%CPU %MEM ARGS Fr 9. Jul 10:36:41 CEST 2021
 0.2  0.0 [kworker/u8:2-events_unbound]
 0.4  0.1 /usr/bin/vncagent
 0.4  0.1 /usr/lib/gvfs/gvfsd-metadata
 0.5  0.0 /lib/systemd/systemd-udevd
 1.0  0.0 /lib/systemd/systemd-udevd
 1.4  2.1 /usr/bin/dockerd
 1.5  0.0 /lib/systemd/systemd-udevd
 2.0  0.5 /usr/bin/vncserver-x11-core
 2.4  0.8 pcmanfm
 3.1  1.7 /usr/lib/xorg/Xorg
%CPU %MEM ARGS Fr 9. Jul 10:36:42 CEST 2021
 0.4  0.1 /usr/bin/vncagent
 0.4  0.1 /usr/lib/gvfs/gvfsd-metadata
 1.0  0.0 /lib/systemd/systemd-udevd
 1.0  0.0 /lib/systemd/systemd-udevd
 1.0  0.0 [kworker/3:9-events]
 1.4  2.1 /usr/bin/dockerd
 2.0  0.5 /usr/bin/vncserver-x11-core
 2.4  0.8 pcmanfm
 3.1  1.7 /usr/lib/xorg/Xorg
 5.0  0.0 [kworker/3:10+events]
%CPU %MEM ARGS Fr 9. Jul 10:36:43 CEST 2021
 0.5  0.0 [kworker/3:9-rcu_gp]
 0.7  0.0 /lib/systemd/systemd-udevd
 1.2  0.0 /lib/systemd/systemd-udevd
 1.4  2.1 /usr/bin/dockerd
 2.0  0.5 /usr/bin/vncserver-x11-core
 2.0  0.1 /usr/bin/containerd-shim-runc-v2
 2.4  0.8 pcmanfm
 2.5  0.0 [kworker/3:10-mm_percpu_wq]
 3.1  1.7 /usr/lib/xorg/Xorg
 4.0  0.0 /usr/bin/dumb-init
%CPU %MEM ARGS Fr 9. Jul 10:36:44 CEST 2021
 0.3  0.0 [kworker/3:9-rcu_gp]
 0.4  0.1 /usr/bin/vncagent
 0.4  0.1 /usr/lib/gvfs/gvfsd-metadata
 0.8  0.0 /lib/systemd/systemd-udevd
 1.4  2.1 /usr/bin/dockerd
 1.4  0.0 /lib/systemd/systemd-udevd
 1.6  0.0 [kworker/3:10-mm_percpu_wq]
 2.0  0.5 /usr/bin/vncserver-x11-core
 2.4  0.8 pcmanfm
 3.1  1.7 /usr/lib/xorg/Xorg
%CPU %MEM ARGS Fr 9. Jul 10:36:45 CEST 2021
 0.5  0.0 /lib/systemd/systemd-udevd
 1.0  0.0 [kworker/3:10-events]
 1.1  0.0 /lib/systemd/systemd-udevd
 1.4  2.1 /usr/bin/dockerd
 2.0  0.5 /usr/bin/vncserver-x11-core
 2.0  0.3 runc
 2.4  0.8 pcmanfm
 3.1  1.7 /usr/lib/xorg/Xorg
 5.0  0.3 runc
23.0  1.4 libnetwork-setkey -exec-root=/var/run/docker
%CPU %MEM ARGS Fr 9. Jul 10:36:46 CEST 2021
 1.0  0.0 /lib/systemd/systemd-udevd
 1.0  0.1 /usr/bin/containerd-shim-runc-v2
 1.1  0.0 [kworker/3:10-events_power_efficient]
 1.4  2.1 /usr/bin/dockerd
 2.0  0.5 /usr/bin/vncserver-x11-core
 2.4  0.8 pcmanfm
 2.5  0.0 /bin/sh
 3.1  1.7 /usr/lib/xorg/Xorg
 8.0  0.7 docker
19.0  1.2 docker-untar /
%CPU %MEM ARGS Fr 9. Jul 10:36:47 CEST 2021
 0.4  0.1 /usr/lib/gvfs/gvfsd-metadata
 0.4  0.0 /lib/systemd/systemd-udevd
 0.6  0.1 /usr/bin/containerd-shim-runc-v2
 0.8  0.0 /lib/systemd/systemd-udevd
 1.0  0.0 [kworker/3:10-mm_percpu_wq]
 1.4  2.1 /usr/bin/dockerd
 1.6  0.0 /bin/sh
 2.0  0.5 /usr/bin/vncserver-x11-core
 2.4  0.8 pcmanfm
 3.1  1.7 /usr/lib/xorg/Xorg
%CPU %MEM ARGS Fr 9. Jul 10:36:48 CEST 2021
 0.4  0.1 /usr/bin/vncagent
 0.4  0.1 /usr/lib/gvfs/gvfsd-metadata
 0.5  0.0 /lib/systemd/systemd-udevd
 0.5  0.0 /lib/systemd/systemd-udevd
 0.8  0.0 [kworker/3:10-events_power_efficient]
 0.9  0.0 /lib/systemd/systemd-udevd
 1.4  2.1 /usr/bin/dockerd
 2.0  0.5 /usr/bin/vncserver-x11-core
 2.4  0.8 pcmanfm
 3.1  1.7 /usr/lib/xorg/Xorg
%CPU %MEM ARGS Fr 9. Jul 10:36:49 CEST 2021
 0.4  0.1 /usr/lib/gvfs/gvfsd-metadata
 0.4  0.0 /lib/systemd/systemd-udevd
 0.6  0.0 /lib/systemd/systemd-udevd
 0.7  0.0 [kworker/3:10-events]
 0.8  0.0 /lib/systemd/systemd-udevd
 1.4  2.1 /usr/bin/dockerd
 2.0  0.5 /usr/bin/vncserver-x11-core
 2.4  0.8 pcmanfm
 3.0  0.1 /usr/bin/containerd-shim-runc-v2
 3.1  1.7 /usr/lib/xorg/Xorg
%CPU %MEM ARGS Fr 9. Jul 10:36:51 CEST 2021
 0.4  0.1 /usr/lib/gvfs/gvfsd-metadata
 0.4  0.0 /lib/systemd/systemd-udevd
 0.5  0.0 [kworker/3:9-events]
 0.6  0.0 /lib/systemd/systemd-udevd
 0.7  0.0 [kworker/3:10-events_power_efficient]
 0.8  0.0 /lib/systemd/systemd-udevd
 1.4  2.1 /usr/bin/dockerd
 2.0  0.5 /usr/bin/vncserver-x11-core
 2.4  0.8 pcmanfm
 3.1  1.7 /usr/lib/xorg/Xorg
%CPU %MEM ARGS Fr 9. Jul 10:36:52 CEST 2021
 0.4  0.1 /usr/bin/vncagent
 0.4  0.1 /usr/lib/gvfs/gvfsd-metadata
 0.4  0.0 [kworker/3:9-events]
 0.5  0.0 /lib/systemd/systemd-udevd
 0.6  0.0 [kworker/3:10-events]
 0.7  0.0 /lib/systemd/systemd-udevd
 1.4  2.1 /usr/bin/dockerd
 2.0  0.5 /usr/bin/vncserver-x11-core
 2.4  0.8 pcmanfm
 3.1  1.7 /usr/lib/xorg/Xorg
%CPU %MEM ARGS Fr 9. Jul 10:36:53 CEST 2021
 0.4  0.1 /usr/bin/vncagent
 0.4  0.1 /usr/lib/gvfs/gvfsd-metadata
 0.4  0.0 [kworker/3:9-events]
 0.5  0.0 /lib/systemd/systemd-udevd
 0.6  0.0 [kworker/3:10-events]
 0.7  0.0 /lib/systemd/systemd-udevd
 1.4  2.1 /usr/bin/dockerd
 2.0  0.5 /usr/bin/vncserver-x11-core
 2.4  0.8 pcmanfm
 3.1  1.7 /usr/lib/xorg/Xorg
%CPU %MEM ARGS Fr 9. Jul 10:36:54 CEST 2021
 0.2  1.3 lxterminal
 0.2  0.0 [kworker/u8:2-brcmf_wq/mmc1:0001:1]
 0.3  0.0 [kworker/3:9-events]
 0.4  0.1 /usr/bin/vncagent
 0.4  0.1 /usr/lib/gvfs/gvfsd-metadata
 0.6  0.0 [kworker/3:10-events_power_efficient]
 1.4  2.1 /usr/bin/dockerd
 2.0  0.5 /usr/bin/vncserver-x11-core
 2.4  0.8 pcmanfm
 3.1  1.7 /usr/lib/xorg/Xorg
%CPU %MEM ARGS Fr 9. Jul 10:36:55 CEST 2021
 0.2  1.3 lxterminal
 0.2  0.0 [kworker/u8:2-flush-179:0]
 0.3  0.0 [kworker/3:9-events]
 0.4  0.1 /usr/bin/vncagent
 0.4  0.1 /usr/lib/gvfs/gvfsd-metadata
 0.5  0.0 [kworker/3:10-mm_percpu_wq]
 1.4  2.1 /usr/bin/dockerd
 2.0  0.5 /usr/bin/vncserver-x11-core
 2.4  0.8 pcmanfm
 3.1  1.7 /usr/lib/xorg/Xorg
%CPU %MEM ARGS Fr 9. Jul 10:36:56 CEST 2021
 0.2  1.3 lxterminal
 0.2  0.0 [kworker/u8:2-brcmf_wq/mmc1:0001:1]
 0.3  0.0 [kworker/3:9-events]
 0.4  0.1 /usr/bin/vncagent
 0.4  0.1 /usr/lib/gvfs/gvfsd-metadata
 0.5  0.0 [kworker/3:10-events_power_efficient]
 1.4  2.1 /usr/bin/dockerd
 2.0  0.5 /usr/bin/vncserver-x11-core
 2.4  0.8 pcmanfm
 3.1  1.7 /usr/lib/xorg/Xorg
%CPU %MEM ARGS Fr 9. Jul 10:36:57 CEST 2021
 0.2  1.3 lxterminal
 0.2  0.0 [kworker/u8:2-brcmf_wq/mmc1:0001:1]
 0.3  0.0 [kworker/3:9-events]
 0.4  0.1 /usr/bin/vncagent
 0.4  0.1 /usr/lib/gvfs/gvfsd-metadata
 0.5  0.0 [kworker/3:10-events_power_efficient]
 1.4  2.1 /usr/bin/dockerd
 2.0  0.5 /usr/bin/vncserver-x11-core
 2.4  0.8 pcmanfm
 3.1  1.7 /usr/lib/xorg/Xorg
%CPU %MEM ARGS Fr 9. Jul 10:36:58 CEST 2021
 0.2  1.3 lxterminal
 0.2  0.0 [kworker/u8:2-brcmf_wq/mmc1:0001:1]
 0.2  0.0 [kworker/3:9-events]
 0.4  0.1 /usr/bin/vncagent
 0.4  0.1 /usr/lib/gvfs/gvfsd-metadata
 0.4  0.0 [kworker/3:10-mm_percpu_wq]
 1.4  2.1 /usr/bin/dockerd
 2.0  0.5 /usr/bin/vncserver-x11-core
 2.4  0.8 pcmanfm
 3.1  1.7 /usr/lib/xorg/Xorg
